# JRE version: Java(TM) SE Runtime Environment (7.0_40-b43) (build 1.7.0_40-b43)
# Java VM: Java HotSpot(TM) Client VM (24.0-b56 mixed mode windows-x86 )
Heap
 def new generation   total 8576K, used 5664K [0x05400000, 0x05d40000, 0x0a950000)
  eden space 7680K,  73% used [0x05400000, 0x05988088, 0x05b80000)
  from space 896K,   0% used [0x05b80000, 0x05b80000, 0x05c60000)
  to   space 896K,   0% used [0x05c60000, 0x05c60000, 0x05d40000)
 tenured generation   total 18880K, used 11327K [0x0a950000, 0x0bbc0000, 0x15400000)
   the space 18880K,  59% used [0x0a950000, 0x0b45ffd8, 0x0b460000, 0x0bbc0000)
 compacting perm gen  total 12288K, used 3128K [0x15400000, 0x16000000, 0x19400000)
   the space 12288K,  25% used [0x15400000, 0x1570e388, 0x1570e400, 0x16000000)
GC Heap History (10 events):
Event: 0.521 GC heap before
{Heap before GC invocations=10 (full 0):
 def new generation   total 4928K, used 4928K [0x05400000, 0x05950000, 0x0a950000)
  eden space 4416K, 100% used [0x05400000, 0x05850000, 0x05850000)
  from space 512K, 100% used [0x05850000, 0x058d0000, 0x058d0000)
  to   space 512K,   0% used [0x058d0000, 0x058d0000, 0x05950000)
 tenured generation   total 10944K, used 7162K [0x0a950000, 0x0b400000, 0x15400000)
   the space 10944K,  65% used [0x0a950000, 0x0b04e820, 0x0b04ea00, 0x0b400000)
 compacting perm gen  total 12288K, used 3128K [0x15400000, 0x16000000, 0x19400000)
   the space 12288K,  25% used [0x15400000, 0x1570e328, 0x1570e400, 0x16000000)
No shared spaces configured.
Event: 0.523 GC heap after
Heap after GC invocations=11 (full 0):
 def new generation   total 4928K, used 511K [0x05400000, 0x05950000, 0x0a950000)
  eden space 4416K,   0% used [0x05400000, 0x05400000, 0x05850000)
  from space 512K,  99% used [0x058d0000, 0x0594fff8, 0x05950000)
  to   space 512K,   0% used [0x05850000, 0x05850000, 0x058d0000)
 tenured generation   total 10944K, used 7990K [0x0a950000, 0x0b400000, 0x15400000)
   the space 10944K,  73% used [0x0a950000, 0x0b11da68, 0x0b11dc00, 0x0b400000)
 compacting perm gen  total 12288K, used 3128K [0x15400000, 0x16000000, 0x19400000)
   the space 12288K,  25% used [0x15400000, 0x1570e328, 0x1570e400, 0x16000000)
No shared spaces configured.
}
Event: 0.548 GC heap before
{Heap before GC invocations=11 (full 0):
 def new generation   total 4928K, used 4927K [0x05400000, 0x05950000, 0x0a950000)
  eden space 4416K, 100% used [0x05400000, 0x05850000, 0x05850000)
  from space 512K,  99% used [0x058d0000, 0x0594fff8, 0x05950000)
  to   space 512K,   0% used [0x05850000, 0x05850000, 0x058d0000)
 tenured generation   total 10944K, used 7990K [0x0a950000, 0x0b400000, 0x15400000)
   the space 10944K,  73% used [0x0a950000, 0x0b11da68, 0x0b11dc00, 0x0b400000)
 compacting perm gen  total 12288K, used 3128K [0x15400000, 0x16000000, 0x19400000)
   the space 12288K,  25% used [0x15400000, 0x1570e328, 0x1570e400, 0x16000000)
No shared spaces configured.
Event: 0.551 GC heap after
Heap after GC invocations=12 (full 0):
 def new generation   total 4928K, used 511K [0x05400000, 0x05950000, 0x0a950000)
  eden space 4416K,   0% used [0x05400000, 0x05400000, 0x05850000)
  from space 512K,  99% used [0x05850000, 0x058cfff0, 0x058d0000)
  to   space 512K,   0% used [0x058d0000, 0x058d0000, 0x05950000)
 tenured generation   total 10944K, used 8800K [0x0a950000, 0x0b400000, 0x15400000)
   the space 10944K,  80% used [0x0a950000, 0x0b1e8170, 0x0b1e8200, 0x0b400000)
 compacting perm gen  total 12288K, used 3128K [0x15400000, 0x16000000, 0x19400000)
   the space 12288K,  25% used [0x15400000, 0x1570e328, 0x1570e400, 0x16000000)
No shared spaces configured.
}
Event: 0.576 GC heap before
{Heap before GC invocations=12 (full 0):
 def new generation   total 4928K, used 4927K [0x05400000, 0x05950000, 0x0a950000)
  eden space 4416K, 100% used [0x05400000, 0x05850000, 0x05850000)
  from space 512K,  99% used [0x05850000, 0x058cfff0, 0x058d0000)
  to   space 512K,   0% used [0x058d0000, 0x058d0000, 0x05950000)
 tenured generation   total 10944K, used 8800K [0x0a950000, 0x0b400000, 0x15400000)
   the space 10944K,  80% used [0x0a950000, 0x0b1e8170, 0x0b1e8200, 0x0b400000)
 compacting perm gen  total 12288K, used 3128K [0x15400000, 0x16000000, 0x19400000)
   the space 12288K,  25% used [0x15400000, 0x1570e328, 0x1570e400, 0x16000000)
No shared spaces configured.
Event: 0.578 GC heap after
Heap after GC invocations=13 (full 0):
 def new generation   total 4928K, used 511K [0x05400000, 0x05950000, 0x0a950000)
  eden space 4416K,   0% used [0x05400000, 0x05400000, 0x05850000)
  from space 512K,  99% used [0x058d0000, 0x0594fff0, 0x05950000)
  to   space 512K,   0% used [0x05850000, 0x05850000, 0x058d0000)
 tenured generation   total 10944K, used 9631K [0x0a950000, 0x0b400000, 0x15400000)
   the space 10944K,  88% used [0x0a950000, 0x0b2b7f88, 0x0b2b8000, 0x0b400000)
 compacting perm gen  total 12288K, used 3128K [0x15400000, 0x16000000, 0x19400000)
   the space 12288K,  25% used [0x15400000, 0x1570e328, 0x1570e400, 0x16000000)
No shared spaces configured.
}
Event: 0.603 GC heap before
{Heap before GC invocations=13 (full 0):
 def new generation   total 4928K, used 4927K [0x05400000, 0x05950000, 0x0a950000)
  eden space 4416K, 100% used [0x05400000, 0x05850000, 0x05850000)
  from space 512K,  99% used [0x058d0000, 0x0594fff0, 0x05950000)
  to   space 512K,   0% used [0x05850000, 0x05850000, 0x058d0000)
 tenured generation   total 10944K, used 9631K [0x0a950000, 0x0b400000, 0x15400000)
   the space 10944K,  88% used [0x0a950000, 0x0b2b7f88, 0x0b2b8000, 0x0b400000)
 compacting perm gen  total 12288K, used 3128K [0x15400000, 0x16000000, 0x19400000)
   the space 12288K,  25% used [0x15400000, 0x1570e328, 0x1570e400, 0x16000000)
No shared spaces configured.
Event: 0.606 GC heap after
Heap after GC invocations=14 (full 0):
 def new generation   total 4928K, used 511K [0x05400000, 0x05950000, 0x0a950000)
  eden space 4416K,   0% used [0x05400000, 0x05400000, 0x05850000)
  from space 512K,  99% used [0x05850000, 0x058cfff8, 0x058d0000)
  to   space 512K,   0% used [0x058d0000, 0x058d0000, 0x05950000)
 tenured generation   total 10944K, used 10442K [0x0a950000, 0x0b400000, 0x15400000)
   the space 10944K,  95% used [0x0a950000, 0x0b382b50, 0x0b382c00, 0x0b400000)
 compacting perm gen  total 12288K, used 3128K [0x15400000, 0x16000000, 0x19400000)
   the space 12288K,  25% used [0x15400000, 0x1570e328, 0x1570e400, 0x16000000)
No shared spaces configured.
}
Event: 0.631 GC heap before
{Heap before GC invocations=14 (full 0):
 def new generation   total 4928K, used 4927K [0x05400000, 0x05950000, 0x0a950000)
  eden space 4416K, 100% used [0x05400000, 0x05850000, 0x05850000)
  from space 512K,  99% used [0x05850000, 0x058cfff8, 0x058d0000)
  to   space 512K,   0% used [0x058d0000, 0x058d0000, 0x05950000)
 tenured generation   total 10944K, used 10442K [0x0a950000, 0x0b400000, 0x15400000)
   the space 10944K,  95% used [0x0a950000, 0x0b382b50, 0x0b382c00, 0x0b400000)
 compacting perm gen  total 12288K, used 3128K [0x15400000, 0x16000000, 0x19400000)
   the space 12288K,  25% used [0x15400000, 0x1570e338, 0x1570e400, 0x16000000)
No shared spaces configured.
Event: 0.653 GC heap after
Heap after GC invocations=15 (full 1):
 def new generation   total 8576K, used 455K [0x05400000, 0x05d40000, 0x0a950000)
  eden space 7680K,   5% used [0x05400000, 0x05471dc8, 0x05b80000)
  from space 896K,   0% used [0x05b80000, 0x05b80000, 0x05c60000)
  to   space 896K,   0% used [0x05c60000, 0x05c60000, 0x05d40000)
 tenured generation   total 18880K, used 11327K [0x0a950000, 0x0bbc0000, 0x15400000)
   the space 18880K,  59% used [0x0a950000, 0x0b45ffd8, 0x0b460000, 0x0bbc0000)
 compacting perm gen  total 12288K, used 3128K [0x15400000, 0x16000000, 0x19400000)
   the space 12288K,  25% used [0x15400000, 0x1570e338, 0x1570e400, 0x16000000)
No shared spaces configured.
}

